<?xml version="1.0" encoding="UTF-8"?>
<testsuite xmlns:xsi="http://www.w3.org/2001/XMLSchema-instance" xsi:noNamespaceSchemaLocation="https://maven.apache.org/surefire/maven-surefire-plugin/xsd/surefire-test-report-3.0.xsd" version="3.0" name="MealsBookingServiceTest" time="0.111" tests="18" errors="0" skipped="0" failures="0">
  <properties>
    <property name="java.specification.version" value="21"/>
    <property name="sun.jnu.encoding" value="UTF-8"/>
    <property name="java.class.path" value="/home/mufasa/Secretária/Classes/TQS/tqs-indiv-portfolio-dani1244/lab01/lab01_3/demo/target/test-classes:/home/mufasa/Secretária/Classes/TQS/tqs-indiv-portfolio-dani1244/lab01/lab01_3/demo/target/classes:/home/mufasa/.m2/repository/org/junit/jupiter/junit-jupiter/5.9.2/junit-jupiter-5.9.2.jar:/home/mufasa/.m2/repository/org/junit/jupiter/junit-jupiter-api/5.9.2/junit-jupiter-api-5.9.2.jar:/home/mufasa/.m2/repository/org/opentest4j/opentest4j/1.2.0/opentest4j-1.2.0.jar:/home/mufasa/.m2/repository/org/junit/platform/junit-platform-commons/1.9.2/junit-platform-commons-1.9.2.jar:/home/mufasa/.m2/repository/org/apiguardian/apiguardian-api/1.1.2/apiguardian-api-1.1.2.jar:/home/mufasa/.m2/repository/org/junit/jupiter/junit-jupiter-params/5.9.2/junit-jupiter-params-5.9.2.jar:/home/mufasa/.m2/repository/org/junit/jupiter/junit-jupiter-engine/5.9.2/junit-jupiter-engine-5.9.2.jar:/home/mufasa/.m2/repository/org/junit/platform/junit-platform-engine/1.9.2/junit-platform-engine-1.9.2.jar:"/>
    <property name="java.vm.vendor" value="Ubuntu"/>
    <property name="sun.arch.data.model" value="64"/>
    <property name="java.vendor.url" value="https://ubuntu.com/"/>
    <property name="user.timezone" value="Europe/Lisbon"/>
    <property name="os.name" value="Linux"/>
    <property name="java.vm.specification.version" value="21"/>
    <property name="sun.java.launcher" value="SUN_STANDARD"/>
    <property name="user.country" value="PT"/>
    <property name="sun.boot.library.path" value="/usr/lib/jvm/java-21-openjdk-amd64/lib"/>
    <property name="sun.java.command" value="/home/mufasa/Secretária/Classes/TQS/tqs-indiv-portfolio-dani1244/lab01/lab01_3/demo/target/surefire/surefirebooter-20251003142225473_3.jar /home/mufasa/Secretária/Classes/TQS/tqs-indiv-portfolio-dani1244/lab01/lab01_3/demo/target/surefire 2025-10-03T14-22-25_431-jvmRun1 surefire-20251003142225473_1tmp surefire_0-20251003142225473_2tmp"/>
    <property name="jdk.debug" value="release"/>
    <property name="surefire.test.class.path" value="/home/mufasa/Secretária/Classes/TQS/tqs-indiv-portfolio-dani1244/lab01/lab01_3/demo/target/test-classes:/home/mufasa/Secretária/Classes/TQS/tqs-indiv-portfolio-dani1244/lab01/lab01_3/demo/target/classes:/home/mufasa/.m2/repository/org/junit/jupiter/junit-jupiter/5.9.2/junit-jupiter-5.9.2.jar:/home/mufasa/.m2/repository/org/junit/jupiter/junit-jupiter-api/5.9.2/junit-jupiter-api-5.9.2.jar:/home/mufasa/.m2/repository/org/opentest4j/opentest4j/1.2.0/opentest4j-1.2.0.jar:/home/mufasa/.m2/repository/org/junit/platform/junit-platform-commons/1.9.2/junit-platform-commons-1.9.2.jar:/home/mufasa/.m2/repository/org/apiguardian/apiguardian-api/1.1.2/apiguardian-api-1.1.2.jar:/home/mufasa/.m2/repository/org/junit/jupiter/junit-jupiter-params/5.9.2/junit-jupiter-params-5.9.2.jar:/home/mufasa/.m2/repository/org/junit/jupiter/junit-jupiter-engine/5.9.2/junit-jupiter-engine-5.9.2.jar:/home/mufasa/.m2/repository/org/junit/platform/junit-platform-engine/1.9.2/junit-platform-engine-1.9.2.jar:"/>
    <property name="sun.cpu.endian" value="little"/>
    <property name="user.home" value="/home/mufasa"/>
    <property name="user.language" value="pt"/>
    <property name="java.specification.vendor" value="Oracle Corporation"/>
    <property name="java.version.date" value="2025-07-15"/>
    <property name="java.home" value="/usr/lib/jvm/java-21-openjdk-amd64"/>
    <property name="file.separator" value="/"/>
    <property name="basedir" value="/home/mufasa/Secretária/Classes/TQS/tqs-indiv-portfolio-dani1244/lab01/lab01_3/demo"/>
    <property name="java.vm.compressedOopsMode" value="Zero based"/>
    <property name="line.separator" value="&#10;"/>
    <property name="java.specification.name" value="Java Platform API Specification"/>
    <property name="java.vm.specification.vendor" value="Oracle Corporation"/>
    <property name="surefire.real.class.path" value="/home/mufasa/Secretária/Classes/TQS/tqs-indiv-portfolio-dani1244/lab01/lab01_3/demo/target/surefire/surefirebooter-20251003142225473_3.jar"/>
    <property name="sun.management.compiler" value="HotSpot 64-Bit Tiered Compilers"/>
    <property name="java.runtime.version" value="21.0.8+9-Ubuntu-0ubuntu124.04.1"/>
    <property name="user.name" value="mufasa"/>
    <property name="stdout.encoding" value="UTF-8"/>
    <property name="path.separator" value=":"/>
    <property name="os.version" value="6.11.0-29-generic"/>
    <property name="java.runtime.name" value="OpenJDK Runtime Environment"/>
    <property name="file.encoding" value="UTF-8"/>
    <property name="java.vm.name" value="OpenJDK 64-Bit Server VM"/>
    <property name="localRepository" value="/home/mufasa/.m2/repository"/>
    <property name="java.vendor.url.bug" value="https://bugs.launchpad.net/ubuntu/+source/openjdk-21"/>
    <property name="java.io.tmpdir" value="/tmp"/>
    <property name="java.version" value="21.0.8"/>
    <property name="user.dir" value="/home/mufasa/Secretária/Classes/TQS/tqs-indiv-portfolio-dani1244/lab01/lab01_3/demo"/>
    <property name="os.arch" value="amd64"/>
    <property name="java.vm.specification.name" value="Java Virtual Machine Specification"/>
    <property name="native.encoding" value="UTF-8"/>
    <property name="java.library.path" value="/usr/java/packages/lib:/usr/lib/x86_64-linux-gnu/jni:/lib/x86_64-linux-gnu:/usr/lib/x86_64-linux-gnu:/usr/lib/jni:/lib:/usr/lib"/>
    <property name="java.vm.info" value="mixed mode, sharing"/>
    <property name="stderr.encoding" value="UTF-8"/>
    <property name="java.vendor" value="Ubuntu"/>
    <property name="java.vm.version" value="21.0.8+9-Ubuntu-0ubuntu124.04.1"/>
    <property name="sun.io.unicode.encoding" value="UnicodeLittle"/>
    <property name="java.class.version" value="65.0"/>
  </properties>
  <testcase name="testNonExistentReservation" classname="MealsBookingServiceTest" time="0.032"/>
  <testcase name="testVerifyUsedReservation" classname="MealsBookingServiceTest" time="0.027"/>
  <testcase name="testSuccessfulBooking" classname="MealsBookingServiceTest" time="0.003"/>
  <testcase name="testSuccessfulCheckIn" classname="MealsBookingServiceTest" time="0.001"/>
  <testcase name="testSuccessfulCancellation" classname="MealsBookingServiceTest" time="0.001"/>
  <testcase name="testVerifyValidReservation" classname="MealsBookingServiceTest" time="0.001"/>
  <testcase name="testInvalidServiceShift" classname="MealsBookingServiceTest" time="0.002"/>
  <testcase name="testFailedCheckIn_Cancelled" classname="MealsBookingServiceTest" time="0.001"/>
  <testcase name="testCapacityLimit" classname="MealsBookingServiceTest" time="0.002"/>
  <testcase name="testInvalidStudentId" classname="MealsBookingServiceTest" time="0.001"/>
  <testcase name="testAvailableSpotsAfterCheckIn" classname="MealsBookingServiceTest" time="0.001"/>
  <testcase name="testGetReservation" classname="MealsBookingServiceTest" time="0.001"/>
  <testcase name="testAvailableSpots" classname="MealsBookingServiceTest" time="0.001"/>
  <testcase name="testFailedCheckIn_AlreadyUsed" classname="MealsBookingServiceTest" time="0.001"/>
  <testcase name="testVerifyCancelledReservation" classname="MealsBookingServiceTest" time="0.001"/>
  <testcase name="testDifferentShiftsIndependent" classname="MealsBookingServiceTest" time="0.002"/>
  <testcase name="testFailedCancellation_AlreadyUsed" classname="MealsBookingServiceTest" time="0.001"/>
  <testcase name="testDoubleBookingPrevention" classname="MealsBookingServiceTest" time="0.002"/>
</testsuite>