<?xml version="1.0" encoding="UTF-8"?>
<testsuite xmlns:xsi="http://www.w3.org/2001/XMLSchema-instance" xsi:noNamespaceSchemaLocation="https://maven.apache.org/surefire/maven-surefire-plugin/xsd/surefire-test-report-3.0.xsd" version="3.0" name="StocksPortfolioTest" time="1.232" tests="19" errors="0" skipped="0" failures="0">
  <properties>
    <property name="java.specification.version" value="21"/>
    <property name="sun.jnu.encoding" value="UTF-8"/>
    <property name="java.class.path" value="/home/mufasa/Secretária/Classes/TQS/tqs-indiv-portfolio-dani1244/lab02/lab02_1/stock/target/test-classes:/home/mufasa/Secretária/Classes/TQS/tqs-indiv-portfolio-dani1244/lab02/lab02_1/stock/target/classes:/home/mufasa/.m2/repository/org/junit/jupiter/junit-jupiter/5.10.0/junit-jupiter-5.10.0.jar:/home/mufasa/.m2/repository/org/junit/jupiter/junit-jupiter-api/5.10.0/junit-jupiter-api-5.10.0.jar:/home/mufasa/.m2/repository/org/opentest4j/opentest4j/1.3.0/opentest4j-1.3.0.jar:/home/mufasa/.m2/repository/org/junit/platform/junit-platform-commons/1.10.0/junit-platform-commons-1.10.0.jar:/home/mufasa/.m2/repository/org/apiguardian/apiguardian-api/1.1.2/apiguardian-api-1.1.2.jar:/home/mufasa/.m2/repository/org/junit/jupiter/junit-jupiter-params/5.10.0/junit-jupiter-params-5.10.0.jar:/home/mufasa/.m2/repository/org/junit/jupiter/junit-jupiter-engine/5.10.0/junit-jupiter-engine-5.10.0.jar:/home/mufasa/.m2/repository/org/junit/platform/junit-platform-engine/1.10.0/junit-platform-engine-1.10.0.jar:/home/mufasa/.m2/repository/org/mockito/mockito-core/5.6.0/mockito-core-5.6.0.jar:/home/mufasa/.m2/repository/net/bytebuddy/byte-buddy/1.14.8/byte-buddy-1.14.8.jar:/home/mufasa/.m2/repository/net/bytebuddy/byte-buddy-agent/1.14.8/byte-buddy-agent-1.14.8.jar:/home/mufasa/.m2/repository/org/objenesis/objenesis/3.3/objenesis-3.3.jar:/home/mufasa/.m2/repository/org/mockito/mockito-junit-jupiter/5.6.0/mockito-junit-jupiter-5.6.0.jar:/home/mufasa/.m2/repository/org/assertj/assertj-core/3.24.2/assertj-core-3.24.2.jar:/home/mufasa/.m2/repository/org/hamcrest/hamcrest/2.2/hamcrest-2.2.jar:/home/mufasa/.m2/repository/com/fasterxml/jackson/core/jackson-databind/2.15.2/jackson-databind-2.15.2.jar:/home/mufasa/.m2/repository/com/fasterxml/jackson/core/jackson-annotations/2.15.2/jackson-annotations-2.15.2.jar:/home/mufasa/.m2/repository/com/fasterxml/jackson/core/jackson-core/2.15.2/jackson-core-2.15.2.jar:/home/mufasa/.m2/repository/com/squareup/okhttp3/okhttp/4.11.0/okhttp-4.11.0.jar:/home/mufasa/.m2/repository/com/squareup/okio/okio/3.2.0/okio-3.2.0.jar:/home/mufasa/.m2/repository/com/squareup/okio/okio-jvm/3.2.0/okio-jvm-3.2.0.jar:/home/mufasa/.m2/repository/org/jetbrains/kotlin/kotlin-stdlib/1.6.20/kotlin-stdlib-1.6.20.jar:/home/mufasa/.m2/repository/org/jetbrains/kotlin/kotlin-stdlib-common/1.6.20/kotlin-stdlib-common-1.6.20.jar:/home/mufasa/.m2/repository/org/jetbrains/annotations/13.0/annotations-13.0.jar:/home/mufasa/.m2/repository/org/jetbrains/kotlin/kotlin-stdlib-jdk8/1.6.20/kotlin-stdlib-jdk8-1.6.20.jar:/home/mufasa/.m2/repository/org/jetbrains/kotlin/kotlin-stdlib-jdk7/1.6.20/kotlin-stdlib-jdk7-1.6.20.jar:"/>
    <property name="java.vm.vendor" value="Ubuntu"/>
    <property name="sun.arch.data.model" value="64"/>
    <property name="java.vendor.url" value="https://ubuntu.com/"/>
    <property name="user.timezone" value="Europe/Lisbon"/>
    <property name="os.name" value="Linux"/>
    <property name="java.vm.specification.version" value="21"/>
    <property name="sun.java.launcher" value="SUN_STANDARD"/>
    <property name="user.country" value="PT"/>
    <property name="sun.boot.library.path" value="/usr/lib/jvm/java-21-openjdk-amd64/lib"/>
    <property name="sun.java.command" value="/home/mufasa/Secretária/Classes/TQS/tqs-indiv-portfolio-dani1244/lab02/lab02_1/stock/target/surefire/surefirebooter-20251006232856103_3.jar /home/mufasa/Secretária/Classes/TQS/tqs-indiv-portfolio-dani1244/lab02/lab02_1/stock/target/surefire 2025-10-06T23-28-56_058-jvmRun1 surefire-20251006232856103_1tmp surefire_0-20251006232856103_2tmp"/>
    <property name="jdk.debug" value="release"/>
    <property name="surefire.test.class.path" value="/home/mufasa/Secretária/Classes/TQS/tqs-indiv-portfolio-dani1244/lab02/lab02_1/stock/target/test-classes:/home/mufasa/Secretária/Classes/TQS/tqs-indiv-portfolio-dani1244/lab02/lab02_1/stock/target/classes:/home/mufasa/.m2/repository/org/junit/jupiter/junit-jupiter/5.10.0/junit-jupiter-5.10.0.jar:/home/mufasa/.m2/repository/org/junit/jupiter/junit-jupiter-api/5.10.0/junit-jupiter-api-5.10.0.jar:/home/mufasa/.m2/repository/org/opentest4j/opentest4j/1.3.0/opentest4j-1.3.0.jar:/home/mufasa/.m2/repository/org/junit/platform/junit-platform-commons/1.10.0/junit-platform-commons-1.10.0.jar:/home/mufasa/.m2/repository/org/apiguardian/apiguardian-api/1.1.2/apiguardian-api-1.1.2.jar:/home/mufasa/.m2/repository/org/junit/jupiter/junit-jupiter-params/5.10.0/junit-jupiter-params-5.10.0.jar:/home/mufasa/.m2/repository/org/junit/jupiter/junit-jupiter-engine/5.10.0/junit-jupiter-engine-5.10.0.jar:/home/mufasa/.m2/repository/org/junit/platform/junit-platform-engine/1.10.0/junit-platform-engine-1.10.0.jar:/home/mufasa/.m2/repository/org/mockito/mockito-core/5.6.0/mockito-core-5.6.0.jar:/home/mufasa/.m2/repository/net/bytebuddy/byte-buddy/1.14.8/byte-buddy-1.14.8.jar:/home/mufasa/.m2/repository/net/bytebuddy/byte-buddy-agent/1.14.8/byte-buddy-agent-1.14.8.jar:/home/mufasa/.m2/repository/org/objenesis/objenesis/3.3/objenesis-3.3.jar:/home/mufasa/.m2/repository/org/mockito/mockito-junit-jupiter/5.6.0/mockito-junit-jupiter-5.6.0.jar:/home/mufasa/.m2/repository/org/assertj/assertj-core/3.24.2/assertj-core-3.24.2.jar:/home/mufasa/.m2/repository/org/hamcrest/hamcrest/2.2/hamcrest-2.2.jar:/home/mufasa/.m2/repository/com/fasterxml/jackson/core/jackson-databind/2.15.2/jackson-databind-2.15.2.jar:/home/mufasa/.m2/repository/com/fasterxml/jackson/core/jackson-annotations/2.15.2/jackson-annotations-2.15.2.jar:/home/mufasa/.m2/repository/com/fasterxml/jackson/core/jackson-core/2.15.2/jackson-core-2.15.2.jar:/home/mufasa/.m2/repository/com/squareup/okhttp3/okhttp/4.11.0/okhttp-4.11.0.jar:/home/mufasa/.m2/repository/com/squareup/okio/okio/3.2.0/okio-3.2.0.jar:/home/mufasa/.m2/repository/com/squareup/okio/okio-jvm/3.2.0/okio-jvm-3.2.0.jar:/home/mufasa/.m2/repository/org/jetbrains/kotlin/kotlin-stdlib/1.6.20/kotlin-stdlib-1.6.20.jar:/home/mufasa/.m2/repository/org/jetbrains/kotlin/kotlin-stdlib-common/1.6.20/kotlin-stdlib-common-1.6.20.jar:/home/mufasa/.m2/repository/org/jetbrains/annotations/13.0/annotations-13.0.jar:/home/mufasa/.m2/repository/org/jetbrains/kotlin/kotlin-stdlib-jdk8/1.6.20/kotlin-stdlib-jdk8-1.6.20.jar:/home/mufasa/.m2/repository/org/jetbrains/kotlin/kotlin-stdlib-jdk7/1.6.20/kotlin-stdlib-jdk7-1.6.20.jar:"/>
    <property name="sun.cpu.endian" value="little"/>
    <property name="user.home" value="/home/mufasa"/>
    <property name="user.language" value="pt"/>
    <property name="java.specification.vendor" value="Oracle Corporation"/>
    <property name="java.version.date" value="2025-07-15"/>
    <property name="java.home" value="/usr/lib/jvm/java-21-openjdk-amd64"/>
    <property name="file.separator" value="/"/>
    <property name="basedir" value="/home/mufasa/Secretária/Classes/TQS/tqs-indiv-portfolio-dani1244/lab02/lab02_1/stock"/>
    <property name="java.vm.compressedOopsMode" value="Zero based"/>
    <property name="line.separator" value="&#10;"/>
    <property name="java.specification.name" value="Java Platform API Specification"/>
    <property name="java.vm.specification.vendor" value="Oracle Corporation"/>
    <property name="surefire.real.class.path" value="/home/mufasa/Secretária/Classes/TQS/tqs-indiv-portfolio-dani1244/lab02/lab02_1/stock/target/surefire/surefirebooter-20251006232856103_3.jar"/>
    <property name="sun.management.compiler" value="HotSpot 64-Bit Tiered Compilers"/>
    <property name="java.runtime.version" value="21.0.8+9-Ubuntu-0ubuntu124.04.1"/>
    <property name="user.name" value="mufasa"/>
    <property name="stdout.encoding" value="UTF-8"/>
    <property name="path.separator" value=":"/>
    <property name="os.version" value="6.11.0-29-generic"/>
    <property name="java.runtime.name" value="OpenJDK Runtime Environment"/>
    <property name="file.encoding" value="UTF-8"/>
    <property name="java.vm.name" value="OpenJDK 64-Bit Server VM"/>
    <property name="localRepository" value="/home/mufasa/.m2/repository"/>
    <property name="java.vendor.url.bug" value="https://bugs.launchpad.net/ubuntu/+source/openjdk-21"/>
    <property name="java.io.tmpdir" value="/tmp"/>
    <property name="java.version" value="21.0.8"/>
    <property name="user.dir" value="/home/mufasa/Secretária/Classes/TQS/tqs-indiv-portfolio-dani1244/lab02/lab02_1/stock"/>
    <property name="os.arch" value="amd64"/>
    <property name="java.vm.specification.name" value="Java Virtual Machine Specification"/>
    <property name="native.encoding" value="UTF-8"/>
    <property name="java.library.path" value="/usr/java/packages/lib:/usr/lib/x86_64-linux-gnu/jni:/lib/x86_64-linux-gnu:/usr/lib/x86_64-linux-gnu:/usr/lib/jni:/lib:/usr/lib"/>
    <property name="java.vm.info" value="mixed mode, sharing"/>
    <property name="stderr.encoding" value="UTF-8"/>
    <property name="java.vendor" value="Ubuntu"/>
    <property name="java.vm.version" value="21.0.8+9-Ubuntu-0ubuntu124.04.1"/>
    <property name="sun.io.unicode.encoding" value="UnicodeLittle"/>
    <property name="java.class.version" value="65.0"/>
  </properties>
  <testcase name="stock_Equals_WithSameValues_ReturnsTrue" classname="StocksPortfolioTest" time="1.083">
    <system-err><![CDATA[WARNING: A Java agent has been loaded dynamically (/home/mufasa/.m2/repository/net/bytebuddy/byte-buddy-agent/1.14.8/byte-buddy-agent-1.14.8.jar)
WARNING: If a serviceability tool is in use, please run with -XX:+EnableDynamicAgentLoading to hide this warning
WARNING: If a serviceability tool is not in use, please run with -Djdk.instrument.traceUsage for more information
WARNING: Dynamic loading of agents will be disallowed by default in a future release
]]></system-err>
  </testcase>
  <testcase name="stock_Constructor_WithNullSymbol_ThrowsException" classname="StocksPortfolioTest" time="0.006"/>
  <testcase name="stock_Constructor_WithValidValues_CreatesStock" classname="StocksPortfolioTest" time="0.006"/>
  <testcase name="constructor_WithNullService_ThrowsException" classname="StocksPortfolioTest" time="0.002"/>
  <testcase name="totalValue_WithMultipleStocks_ReturnsCorrectSum" classname="StocksPortfolioTest" time="0.035"/>
  <testcase name="mostValuableStocks_WithZeroN_ThrowsException" classname="StocksPortfolioTest" time="0.002"/>
  <testcase name="stock_Constructor_WithNegativeQuantity_ThrowsException" classname="StocksPortfolioTest" time="0.002"/>
  <testcase name="stock_Constructor_WithZeroQuantity_ThrowsException" classname="StocksPortfolioTest" time="0.002"/>
  <testcase name="mostValuableStocks_WithEmptyPortfolio_ReturnsEmptyList" classname="StocksPortfolioTest" time="0.011"/>
  <testcase name="stock_Constructor_WithEmptySymbol_ThrowsException" classname="StocksPortfolioTest" time="0.002"/>
  <testcase name="stock_Equals_WithDifferentValues_ReturnsFalse" classname="StocksPortfolioTest" time="0.001"/>
  <testcase name="totalValue_WithSingleStock_ReturnsCorrectValue" classname="StocksPortfolioTest" time="0.003"/>
  <testcase name="totalValue_WithEmptyPortfolio_ReturnsZero" classname="StocksPortfolioTest" time="0.004"/>
  <testcase name="mostValuableStocks_WithTop3_ReturnsCorrectOrder" classname="StocksPortfolioTest" time="0.009"/>
  <testcase name="mostValuableStocks_WithTopNGreaterThanPortfolioSize_ReturnsAllStocks" classname="StocksPortfolioTest" time="0.003"/>
  <testcase name="addStock_WithValidStock_AddsToPortfolio" classname="StocksPortfolioTest" time="0.002"/>
  <testcase name="mostValuableStocks_WithNegativeN_ThrowsException" classname="StocksPortfolioTest" time="0.003"/>
  <testcase name="addStock_WithNullStock_ThrowsException" classname="StocksPortfolioTest" time="0.002"/>
  <testcase name="totalValue_WithExtraUnusedMockExpectations_ShowsLenientBehavior" classname="StocksPortfolioTest" time="0.003"/>
</testsuite>